<?xml version="1.0" encoding="UTF-8"?>
<!-- Generated by org.testng.reporters.JUnitReportReporter -->
<testsuite skipped="0" hostname="Infva05990" name="Day1.StudentTest" tests="3" failures="0" timestamp="23 Sep 2019 21:59:40 GMT" time="1.937" errors="0">
  <testcase name="putCall" time="0.297" classname="Day1.StudentTest"/>
  <testcase name="deleteCall" time="1.187" classname="Day1.StudentTest"/>
  <testcase name="getCall" time="0.453" classname="Day1.StudentTest"/>
</testsuite> <!-- Day1.StudentTest -->
