<?xml version="1.0" encoding="UTF-8"?>
<!-- Generated by org.testng.reporters.JUnitReportReporter -->
<testsuite skipped="0" hostname="Infva05990" name="Day1.FirstApi" tests="1" failures="0" timestamp="23 Sep 2019 18:58:59 GMT" time="24.525" errors="0">
  <testcase name="f" time="24.525" classname="Day1.FirstApi"/>
</testsuite> <!-- Day1.FirstApi -->
