<?xml version="1.0" encoding="UTF-8"?>
<!-- Generated by org.testng.reporters.JUnitReportReporter -->
<testsuite skipped="1" hostname="Infva05990" name="Day1.Auth" tests="2" failures="0" timestamp="28 Sep 2019 00:10:53 GMT" time="16.980" errors="0">
  <testcase name="f2" time="16.980" classname="Day1.Auth"/>
  <testcase name="f" classname="Day1.Auth">
    <skipped/>
  </testcase> <!-- f -->
</testsuite> <!-- Day1.Auth -->
